# JRE version: Java(TM) SE Runtime Environment (16.0.2+7) (build 16.0.2+7-67)
# Java VM: Java HotSpot(TM) 64-Bit Server VM (16.0.2+7-67, mixed mode, sharing, tiered, compressed oops, compressed class ptrs, parallel gc, windows-amd64)
GC Precious Log:
 CPUs: 8 total, 8 available
 Memory: 10187M
 Large Page Support: Disabled
 NUMA Support: Disabled
 Compressed Oops: Enabled (32-bit)
 Alignments: Space 512K, Generation 512K, Heap 2M
 Heap Min Capacity: 100M
 Heap Initial Capacity: 100M
 Heap Max Capacity: 1G
 Pre-touch: Disabled
 Parallel Workers: 8
Heap:
 PSYoungGen      total 8704K, used 3953K [0x00000000eab00000, 0x00000000eb800000, 0x0000000100000000)
  eden space 5632K, 19% used [0x00000000eab00000,0x00000000eac18648,0x00000000eb080000)
  from space 3072K, 92% used [0x00000000eb500000,0x00000000eb7c4148,0x00000000eb800000)
  to   space 3584K, 0% used [0x00000000eb100000,0x00000000eb100000,0x00000000eb480000)
 ParOldGen       total 279040K, used 269621K [0x00000000c0000000, 0x00000000d1080000, 0x00000000eab00000)
  object space 279040K, 96% used [0x00000000c0000000,0x00000000d074d4d0,0x00000000d1080000)
 Metaspace       used 67696K, committed 68736K, reserved 1114112K
  class space    used 6979K, committed 7424K, reserved 1048576K
GC Heap History (20 events):
Event: 50.565 GC heap before
{Heap before GC invocations=548 (full 18):
 PSYoungGen      total 8192K, used 7971K [0x00000000eab00000, 0x00000000eb500000, 0x0000000100000000)
  eden space 7680K, 100% used [0x00000000eab00000,0x00000000eb280000,0x00000000eb280000)
  from space 512K, 56% used [0x00000000eb280000,0x00000000eb2c8cb8,0x00000000eb300000)
  to   space 512K, 0% used [0x00000000eb480000,0x00000000eb480000,0x00000000eb500000)
 ParOldGen       total 279040K, used 247665K [0x00000000c0000000, 0x00000000d1080000, 0x00000000eab00000)
  object space 279040K, 88% used [0x00000000c0000000,0x00000000cf1dc758,0x00000000d1080000)
 Metaspace       used 65532K, committed 66560K, reserved 1114112K
  class space    used 6735K, committed 7168K, reserved 1048576K
}
Event: 50.568 GC heap after
{Heap after GC invocations=548 (full 18):
 PSYoungGen      total 9216K, used 482K [0x00000000eab00000, 0x00000000eb600000, 0x0000000100000000)
  eden space 8704K, 0% used [0x00000000eab00000,0x00000000eab00000,0x00000000eb380000)
  from space 512K, 94% used [0x00000000eb480000,0x00000000eb4f8840,0x00000000eb500000)
  to   space 1024K, 0% used [0x00000000eb380000,0x00000000eb380000,0x00000000eb480000)
 ParOldGen       total 279040K, used 247774K [0x00000000c0000000, 0x00000000d1080000, 0x00000000eab00000)
  object space 279040K, 88% used [0x00000000c0000000,0x00000000cf1f7980,0x00000000d1080000)
 Metaspace       used 65532K, committed 66560K, reserved 1114112K
  class space    used 6735K, committed 7168K, reserved 1048576K
}
Event: 104.995 GC heap before
{Heap before GC invocations=549 (full 18):
 PSYoungGen      total 9216K, used 9186K [0x00000000eab00000, 0x00000000eb600000, 0x0000000100000000)
  eden space 8704K, 100% used [0x00000000eab00000,0x00000000eb380000,0x00000000eb380000)
  from space 512K, 94% used [0x00000000eb480000,0x00000000eb4f8840,0x00000000eb500000)
  to   space 1024K, 0% used [0x00000000eb380000,0x00000000eb380000,0x00000000eb480000)
 ParOldGen       total 279040K, used 247774K [0x00000000c0000000, 0x00000000d1080000, 0x00000000eab00000)
  object space 279040K, 88% used [0x00000000c0000000,0x00000000cf1f7980,0x00000000d1080000)
 Metaspace       used 66525K, committed 67584K, reserved 1114112K
  class space    used 6920K, committed 7360K, reserved 1048576K
}
Event: 105.001 GC heap after
{Heap after GC invocations=549 (full 18):
 PSYoungGen      total 9728K, used 1024K [0x00000000eab00000, 0x00000000ebf00000, 0x0000000100000000)
  eden space 8704K, 0% used [0x00000000eab00000,0x00000000eab00000,0x00000000eb380000)
  from space 1024K, 100% used [0x00000000eb380000,0x00000000eb480000,0x00000000eb480000)
  to   space 5120K, 0% used [0x00000000eba00000,0x00000000eba00000,0x00000000ebf00000)
 ParOldGen       total 279040K, used 251110K [0x00000000c0000000, 0x00000000d1080000, 0x00000000eab00000)
  object space 279040K, 89% used [0x00000000c0000000,0x00000000cf5399f8,0x00000000d1080000)
 Metaspace       used 66525K, committed 67584K, reserved 1114112K
  class space    used 6920K, committed 7360K, reserved 1048576K
}
Event: 107.484 GC heap before
{Heap before GC invocations=550 (full 18):
 PSYoungGen      total 9728K, used 9720K [0x00000000eab00000, 0x00000000ebf00000, 0x0000000100000000)
  eden space 8704K, 99% used [0x00000000eab00000,0x00000000eb37e1f8,0x00000000eb380000)
  from space 1024K, 100% used [0x00000000eb380000,0x00000000eb480000,0x00000000eb480000)
  to   space 5120K, 0% used [0x00000000eba00000,0x00000000eba00000,0x00000000ebf00000)
 ParOldGen       total 279040K, used 251110K [0x00000000c0000000, 0x00000000d1080000, 0x00000000eab00000)
  object space 279040K, 89% used [0x00000000c0000000,0x00000000cf5399f8,0x00000000d1080000)
 Metaspace       used 66558K, committed 67584K, reserved 1114112K
  class space    used 6923K, committed 7360K, reserved 1048576K
}
Event: 107.494 GC heap after
{Heap after GC invocations=550 (full 18):
 PSYoungGen      total 10752K, used 5114K [0x00000000eab00000, 0x00000000ec680000, 0x0000000100000000)
  eden space 5632K, 0% used [0x00000000eab00000,0x00000000eab00000,0x00000000eb080000)
  from space 5120K, 99% used [0x00000000eba00000,0x00000000ebefeb30,0x00000000ebf00000)
  to   space 9728K, 0% used [0x00000000eb080000,0x00000000eb080000,0x00000000eba00000)
 ParOldGen       total 279040K, used 254588K [0x00000000c0000000, 0x00000000d1080000, 0x00000000eab00000)
  object space 279040K, 91% used [0x00000000c0000000,0x00000000cf89f058,0x00000000d1080000)
 Metaspace       used 66558K, committed 67584K, reserved 1114112K
  class space    used 6923K, committed 7360K, reserved 1048576K
}
Event: 108.255 GC heap before
{Heap before GC invocations=551 (full 18):
 PSYoungGen      total 10752K, used 10746K [0x00000000eab00000, 0x00000000ec680000, 0x0000000100000000)
  eden space 5632K, 100% used [0x00000000eab00000,0x00000000eb080000,0x00000000eb080000)
  from space 5120K, 99% used [0x00000000eba00000,0x00000000ebefeb30,0x00000000ebf00000)
  to   space 9728K, 0% used [0x00000000eb080000,0x00000000eb080000,0x00000000eba00000)
 ParOldGen       total 279040K, used 254588K [0x00000000c0000000, 0x00000000d1080000, 0x00000000eab00000)
  object space 279040K, 91% used [0x00000000c0000000,0x00000000cf89f058,0x00000000d1080000)
 Metaspace       used 66643K, committed 67648K, reserved 1114112K
  class space    used 6925K, committed 7360K, reserved 1048576K
}
Event: 108.261 GC heap after
{Heap after GC invocations=551 (full 18):
 PSYoungGen      total 6656K, used 909K [0x00000000eab00000, 0x00000000eba80000, 0x0000000100000000)
  eden space 5632K, 0% used [0x00000000eab00000,0x00000000eab00000,0x00000000eb080000)
  from space 1024K, 88% used [0x00000000eb080000,0x00000000eb163400,0x00000000eb180000)
  to   space 4096K, 0% used [0x00000000eb680000,0x00000000eb680000,0x00000000eba80000)
 ParOldGen       total 279040K, used 259728K [0x00000000c0000000, 0x00000000d1080000, 0x00000000eab00000)
  object space 279040K, 93% used [0x00000000c0000000,0x00000000cfda4038,0x00000000d1080000)
 Metaspace       used 66643K, committed 67648K, reserved 1114112K
  class space    used 6925K, committed 7360K, reserved 1048576K
}
Event: 108.707 GC heap before
{Heap before GC invocations=552 (full 18):
 PSYoungGen      total 6656K, used 6541K [0x00000000eab00000, 0x00000000eba80000, 0x0000000100000000)
  eden space 5632K, 100% used [0x00000000eab00000,0x00000000eb080000,0x00000000eb080000)
  from space 1024K, 88% used [0x00000000eb080000,0x00000000eb163400,0x00000000eb180000)
  to   space 4096K, 0% used [0x00000000eb680000,0x00000000eb680000,0x00000000eba80000)
 ParOldGen       total 279040K, used 259728K [0x00000000c0000000, 0x00000000d1080000, 0x00000000eab00000)
  object space 279040K, 93% used [0x00000000c0000000,0x00000000cfda4038,0x00000000d1080000)
 Metaspace       used 67009K, committed 68032K, reserved 1114112K
  class space    used 6934K, committed 7360K, reserved 1048576K
}
Event: 108.711 GC heap after
{Heap after GC invocations=552 (full 18):
 PSYoungGen      total 7680K, used 1657K [0x00000000eab00000, 0x00000000eb880000, 0x0000000100000000)
  eden space 5632K, 0% used [0x00000000eab00000,0x00000000eab00000,0x00000000eb080000)
  from space 2048K, 80% used [0x00000000eb680000,0x00000000eb81e410,0x00000000eb880000)
  to   space 2048K, 0% used [0x00000000eb480000,0x00000000eb480000,0x00000000eb680000)
 ParOldGen       total 279040K, used 260522K [0x00000000c0000000, 0x00000000d1080000, 0x00000000eab00000)
  object space 279040K, 93% used [0x00000000c0000000,0x00000000cfe6ab38,0x00000000d1080000)
 Metaspace       used 67009K, committed 68032K, reserved 1114112K
  class space    used 6934K, committed 7360K, reserved 1048576K
}
Event: 111.741 GC heap before
{Heap before GC invocations=553 (full 18):
 PSYoungGen      total 7680K, used 7289K [0x00000000eab00000, 0x00000000eb880000, 0x0000000100000000)
  eden space 5632K, 100% used [0x00000000eab00000,0x00000000eb080000,0x00000000eb080000)
  from space 2048K, 80% used [0x00000000eb680000,0x00000000eb81e410,0x00000000eb880000)
  to   space 2048K, 0% used [0x00000000eb480000,0x00000000eb480000,0x00000000eb680000)
 ParOldGen       total 279040K, used 260522K [0x00000000c0000000, 0x00000000d1080000, 0x00000000eab00000)
  object space 279040K, 93% used [0x00000000c0000000,0x00000000cfe6ab38,0x00000000d1080000)
 Metaspace       used 67144K, committed 68096K, reserved 1114112K
  class space    used 6935K, committed 7360K, reserved 1048576K
}
Event: 111.746 GC heap after
{Heap after GC invocations=553 (full 18):
 PSYoungGen      total 7680K, used 2030K [0x00000000eab00000, 0x00000000eb780000, 0x0000000100000000)
  eden space 5632K, 0% used [0x00000000eab00000,0x00000000eab00000,0x00000000eb080000)
  from space 2048K, 99% used [0x00000000eb480000,0x00000000eb67b8f0,0x00000000eb680000)
  to   space 1024K, 0% used [0x00000000eb680000,0x00000000eb680000,0x00000000eb780000)
 ParOldGen       total 279040K, used 261565K [0x00000000c0000000, 0x00000000d1080000, 0x00000000eab00000)
  object space 279040K, 93% used [0x00000000c0000000,0x00000000cff6f438,0x00000000d1080000)
 Metaspace       used 67144K, committed 68096K, reserved 1114112K
  class space    used 6935K, committed 7360K, reserved 1048576K
}
Event: 111.794 GC heap before
{Heap before GC invocations=554 (full 18):
 PSYoungGen      total 7680K, used 7662K [0x00000000eab00000, 0x00000000eb780000, 0x0000000100000000)
  eden space 5632K, 100% used [0x00000000eab00000,0x00000000eb080000,0x00000000eb080000)
  from space 2048K, 99% used [0x00000000eb480000,0x00000000eb67b8f0,0x00000000eb680000)
  to   space 1024K, 0% used [0x00000000eb680000,0x00000000eb680000,0x00000000eb780000)
 ParOldGen       total 279040K, used 261565K [0x00000000c0000000, 0x00000000d1080000, 0x00000000eab00000)
  object space 279040K, 93% used [0x00000000c0000000,0x00000000cff6f438,0x00000000d1080000)
 Metaspace       used 67190K, committed 68288K, reserved 1114112K
  class space    used 6938K, committed 7424K, reserved 1048576K
}
Event: 111.799 GC heap after
{Heap after GC invocations=554 (full 18):
 PSYoungGen      total 6656K, used 1017K [0x00000000eab00000, 0x00000000eb880000, 0x0000000100000000)
  eden space 5632K, 0% used [0x00000000eab00000,0x00000000eab00000,0x00000000eb080000)
  from space 1024K, 99% used [0x00000000eb680000,0x00000000eb77e6f0,0x00000000eb780000)
  to   space 4096K, 0% used [0x00000000eb080000,0x00000000eb080000,0x00000000eb480000)
 ParOldGen       total 279040K, used 264119K [0x00000000c0000000, 0x00000000d1080000, 0x00000000eab00000)
  object space 279040K, 94% used [0x00000000c0000000,0x00000000d01edd18,0x00000000d1080000)
 Metaspace       used 67190K, committed 68288K, reserved 1114112K
  class space    used 6938K, committed 7424K, reserved 1048576K
}
Event: 111.856 GC heap before
{Heap before GC invocations=555 (full 18):
 PSYoungGen      total 6656K, used 6649K [0x00000000eab00000, 0x00000000eb880000, 0x0000000100000000)
  eden space 5632K, 100% used [0x00000000eab00000,0x00000000eb080000,0x00000000eb080000)
  from space 1024K, 99% used [0x00000000eb680000,0x00000000eb77e6f0,0x00000000eb780000)
  to   space 4096K, 0% used [0x00000000eb080000,0x00000000eb080000,0x00000000eb480000)
 ParOldGen       total 279040K, used 264119K [0x00000000c0000000, 0x00000000d1080000, 0x00000000eab00000)
  object space 279040K, 94% used [0x00000000c0000000,0x00000000d01edd18,0x00000000d1080000)
 Metaspace       used 67269K, committed 68352K, reserved 1114112K
  class space    used 6943K, committed 7424K, reserved 1048576K
}
Event: 111.860 GC heap after
{Heap after GC invocations=555 (full 18):
 PSYoungGen      total 9728K, used 3726K [0x00000000eab00000, 0x00000000eb880000, 0x0000000100000000)
  eden space 5632K, 0% used [0x00000000eab00000,0x00000000eab00000,0x00000000eb080000)
  from space 4096K, 90% used [0x00000000eb080000,0x00000000eb4238f0,0x00000000eb480000)
  to   space 4096K, 0% used [0x00000000eb480000,0x00000000eb480000,0x00000000eb880000)
 ParOldGen       total 279040K, used 265153K [0x00000000c0000000, 0x00000000d1080000, 0x00000000eab00000)
  object space 279040K, 95% used [0x00000000c0000000,0x00000000d02f0408,0x00000000d1080000)
 Metaspace       used 67269K, committed 68352K, reserved 1114112K
  class space    used 6943K, committed 7424K, reserved 1048576K
}
Event: 178.213 GC heap before
{Heap before GC invocations=556 (full 18):
 PSYoungGen      total 9728K, used 9358K [0x00000000eab00000, 0x00000000eb880000, 0x0000000100000000)
  eden space 5632K, 100% used [0x00000000eab00000,0x00000000eb080000,0x00000000eb080000)
  from space 4096K, 90% used [0x00000000eb080000,0x00000000eb4238f0,0x00000000eb480000)
  to   space 4096K, 0% used [0x00000000eb480000,0x00000000eb480000,0x00000000eb880000)
 ParOldGen       total 279040K, used 265153K [0x00000000c0000000, 0x00000000d1080000, 0x00000000eab00000)
  object space 279040K, 95% used [0x00000000c0000000,0x00000000d02f0408,0x00000000d1080000)
 Metaspace       used 67283K, committed 68352K, reserved 1114112K
  class space    used 6943K, committed 7424K, reserved 1048576K
}
Event: 178.219 GC heap after
{Heap after GC invocations=556 (full 18):
 PSYoungGen      total 6144K, used 410K [0x00000000eab00000, 0x00000000eb500000, 0x0000000100000000)
  eden space 5632K, 0% used [0x00000000eab00000,0x00000000eab00000,0x00000000eb080000)
  from space 512K, 80% used [0x00000000eb480000,0x00000000eb4e6900,0x00000000eb500000)
  to   space 2048K, 0% used [0x00000000eb100000,0x00000000eb100000,0x00000000eb300000)
 ParOldGen       total 279040K, used 265761K [0x00000000c0000000, 0x00000000d1080000, 0x00000000eab00000)
  object space 279040K, 95% used [0x00000000c0000000,0x00000000d0388408,0x00000000d1080000)
 Metaspace       used 67283K, committed 68352K, reserved 1114112K
  class space    used 6943K, committed 7424K, reserved 1048576K
}
Event: 178.337 GC heap before
{Heap before GC invocations=557 (full 18):
 PSYoungGen      total 6144K, used 6042K [0x00000000eab00000, 0x00000000eb500000, 0x0000000100000000)
  eden space 5632K, 100% used [0x00000000eab00000,0x00000000eb080000,0x00000000eb080000)
  from space 512K, 80% used [0x00000000eb480000,0x00000000eb4e6900,0x00000000eb500000)
  to   space 2048K, 0% used [0x00000000eb100000,0x00000000eb100000,0x00000000eb300000)
 ParOldGen       total 279040K, used 265761K [0x00000000c0000000, 0x00000000d1080000, 0x00000000eab00000)
  object space 279040K, 95% used [0x00000000c0000000,0x00000000d0388408,0x00000000d1080000)
 Metaspace       used 67660K, committed 68672K, reserved 1114112K
  class space    used 6976K, committed 7424K, reserved 1048576K
}
Event: 178.341 GC heap after
{Heap after GC invocations=557 (full 18):
 PSYoungGen      total 7680K, used 2031K [0x00000000eab00000, 0x00000000eb980000, 0x0000000100000000)
  eden space 5632K, 0% used [0x00000000eab00000,0x00000000eab00000,0x00000000eb080000)
  from space 2048K, 99% used [0x00000000eb100000,0x00000000eb2fbec8,0x00000000eb300000)
  to   space 4608K, 0% used [0x00000000eb500000,0x00000000eb500000,0x00000000eb980000)
 ParOldGen       total 279040K, used 267597K [0x00000000c0000000, 0x00000000d1080000, 0x00000000eab00000)
  object space 279040K, 95% used [0x00000000c0000000,0x00000000d0553608,0x00000000d1080000)
 Metaspace       used 67660K, committed 68672K, reserved 1114112K
  class space    used 6976K, committed 7424K, reserved 1048576K
}

